mode: set
github.com/nikogura/kubectl-ssh-oidc/pkg/kubectl/kubectl.go:54.51,57.16 3 0
github.com/nikogura/kubectl-ssh-oidc/pkg/kubectl/kubectl.go:57.16,59.3 1 0
github.com/nikogura/kubectl-ssh-oidc/pkg/kubectl/kubectl.go:61.2,63.8 1 0
github.com/nikogura/kubectl-ssh-oidc/pkg/kubectl/kubectl.go:67.67,69.16 2 1
github.com/nikogura/kubectl-ssh-oidc/pkg/kubectl/kubectl.go:69.16,71.3 1 1
github.com/nikogura/kubectl-ssh-oidc/pkg/kubectl/kubectl.go:73.2,73.20 1 1
github.com/nikogura/kubectl-ssh-oidc/pkg/kubectl/kubectl.go:73.20,75.3 1 1
github.com/nikogura/kubectl-ssh-oidc/pkg/kubectl/kubectl.go:77.2,77.18 1 1
github.com/nikogura/kubectl-ssh-oidc/pkg/kubectl/kubectl.go:81.87,83.16 2 1
github.com/nikogura/kubectl-ssh-oidc/pkg/kubectl/kubectl.go:83.16,85.3 1 1
github.com/nikogura/kubectl-ssh-oidc/pkg/kubectl/kubectl.go:88.2,90.16 3 1
github.com/nikogura/kubectl-ssh-oidc/pkg/kubectl/kubectl.go:90.16,92.3 1 1
github.com/nikogura/kubectl-ssh-oidc/pkg/kubectl/kubectl.go:94.2,95.16 2 1
github.com/nikogura/kubectl-ssh-oidc/pkg/kubectl/kubectl.go:95.16,97.3 1 0
github.com/nikogura/kubectl-ssh-oidc/pkg/kubectl/kubectl.go:99.2,99.31 1 1
github.com/nikogura/kubectl-ssh-oidc/pkg/kubectl/kubectl.go:103.71,105.16 2 0
github.com/nikogura/kubectl-ssh-oidc/pkg/kubectl/kubectl.go:105.16,107.3 1 0
github.com/nikogura/kubectl-ssh-oidc/pkg/kubectl/kubectl.go:110.2,111.16 2 0
github.com/nikogura/kubectl-ssh-oidc/pkg/kubectl/kubectl.go:111.16,113.3 1 0
github.com/nikogura/kubectl-ssh-oidc/pkg/kubectl/kubectl.go:115.2,115.20 1 0
github.com/nikogura/kubectl-ssh-oidc/pkg/kubectl/kubectl.go:115.20,117.3 1 0
github.com/nikogura/kubectl-ssh-oidc/pkg/kubectl/kubectl.go:120.2,122.16 3 0
github.com/nikogura/kubectl-ssh-oidc/pkg/kubectl/kubectl.go:122.16,124.3 1 0
github.com/nikogura/kubectl-ssh-oidc/pkg/kubectl/kubectl.go:127.2,148.16 6 0
github.com/nikogura/kubectl-ssh-oidc/pkg/kubectl/kubectl.go:148.16,150.3 1 0
github.com/nikogura/kubectl-ssh-oidc/pkg/kubectl/kubectl.go:153.2,155.16 3 0
github.com/nikogura/kubectl-ssh-oidc/pkg/kubectl/kubectl.go:155.16,157.3 1 0
github.com/nikogura/kubectl-ssh-oidc/pkg/kubectl/kubectl.go:160.2,167.16 3 0
github.com/nikogura/kubectl-ssh-oidc/pkg/kubectl/kubectl.go:167.16,169.3 1 0
github.com/nikogura/kubectl-ssh-oidc/pkg/kubectl/kubectl.go:171.2,172.23 2 0
github.com/nikogura/kubectl-ssh-oidc/pkg/kubectl/kubectl.go:183.80,196.16 8 0
github.com/nikogura/kubectl-ssh-oidc/pkg/kubectl/kubectl.go:196.16,198.3 1 0
github.com/nikogura/kubectl-ssh-oidc/pkg/kubectl/kubectl.go:199.2,204.16 5 0
github.com/nikogura/kubectl-ssh-oidc/pkg/kubectl/kubectl.go:204.16,206.3 1 0
github.com/nikogura/kubectl-ssh-oidc/pkg/kubectl/kubectl.go:207.2,211.16 3 0
github.com/nikogura/kubectl-ssh-oidc/pkg/kubectl/kubectl.go:211.16,213.3 1 0
github.com/nikogura/kubectl-ssh-oidc/pkg/kubectl/kubectl.go:215.2,215.38 1 0
github.com/nikogura/kubectl-ssh-oidc/pkg/kubectl/kubectl.go:215.38,217.3 1 0
github.com/nikogura/kubectl-ssh-oidc/pkg/kubectl/kubectl.go:220.2,222.21 3 0
github.com/nikogura/kubectl-ssh-oidc/pkg/kubectl/kubectl.go:222.21,224.3 1 0
github.com/nikogura/kubectl-ssh-oidc/pkg/kubectl/kubectl.go:226.2,226.24 1 0
github.com/nikogura/kubectl-ssh-oidc/pkg/kubectl/kubectl.go:230.27,239.22 2 1
github.com/nikogura/kubectl-ssh-oidc/pkg/kubectl/kubectl.go:239.22,241.3 1 1
github.com/nikogura/kubectl-ssh-oidc/pkg/kubectl/kubectl.go:242.2,242.22 1 1
github.com/nikogura/kubectl-ssh-oidc/pkg/kubectl/kubectl.go:242.22,244.3 1 1
github.com/nikogura/kubectl-ssh-oidc/pkg/kubectl/kubectl.go:246.2,246.15 1 1
github.com/nikogura/kubectl-ssh-oidc/pkg/kubectl/kubectl.go:250.55,251.42 1 1
github.com/nikogura/kubectl-ssh-oidc/pkg/kubectl/kubectl.go:251.42,253.3 1 1
github.com/nikogura/kubectl-ssh-oidc/pkg/kubectl/kubectl.go:254.2,254.21 1 1
github.com/nikogura/kubectl-ssh-oidc/pkg/kubectl/kubectl.go:258.62,261.19 2 1
github.com/nikogura/kubectl-ssh-oidc/pkg/kubectl/kubectl.go:261.19,264.3 2 1
github.com/nikogura/kubectl-ssh-oidc/pkg/kubectl/kubectl.go:267.2,281.29 4 1
